<?xml version="1.0" encoding="UTF-8"?>
<testng-results skipped="0" failed="0" ignored="0" total="1" passed="1">
  <reporter-output>
  </reporter-output>
  <suite name="Default suite" duration-ms="9794" started-at="2020-02-08T06:17:03Z" finished-at="2020-02-08T06:17:13Z">
    <groups>
    </groups>
    <test name="Default test" duration-ms="9794" started-at="2020-02-08T06:17:03Z" finished-at="2020-02-08T06:17:13Z">
      <class name="seleniumgrid.GridTestOnChrome">
        <test-method status="PASS" signature="test()[pri:0, instance:seleniumgrid.GridTestOnChrome@1b604f19]" name="test" duration-ms="9773" started-at="2020-02-08T06:17:03Z" finished-at="2020-02-08T06:17:13Z">
          <reporter-output>
          </reporter-output>
        </test-method> <!-- test -->
      </class> <!-- seleniumgrid.GridTestOnChrome -->
    </test> <!-- Default test -->
  </suite> <!-- Default suite -->
</testng-results>
